1692022003343	geckodriver	INFO	Listening on 127.0.0.1:39177
1692022003890	mozrunner::runner	INFO	Running command: MOZ_CRASHREPORTER="1" MOZ_CRASHREPORTER_NO_REPORT="1" MOZ_CRASHREPORTER_SHUTDOWN="1" MOZ_NO_REMOTE="1" "/usr ... ss" "--remote-debugging-port" "51695" "--remote-allow-hosts" "localhost" "-no-remote" "-profile" "/tmp/rust_mozprofileW627Xq"
*** You are running in headless mode.
console.warn: services.settings: Ignoring preference override of remote settings server
console.warn: services.settings: Allow by setting MOZ_REMOTE_SETTINGS_DEVTOOLS=1 in the environment
[GFX1-]: glxtest: Unable to open a connection to the X server
1692022011506	Marionette	INFO	Marionette enabled
1692022012842	Marionette	INFO	Listening on port 36617
Read port: 36617
WebDriver BiDi listening on ws://127.0.0.1:51695
1692022013140	RemoteAgent	WARN	TLS certificate errors will be ignored for this session
1692022013213	RemoteAgent	INFO	Proxy settings initialised: {"proxyType":"manual","httpProxy":"127.0.0.1:36737","sslProxy":"127.0.0.1:36737"}
[GFX1-]: RenderCompositorSWGL failed mapping default framebuffer, no dt
console.error: ({})
DevTools listening on ws://127.0.0.1:51695/devtools/browser/f0cc4d35-8e2f-4a25-86bd-028b93564df0
JavaScript warning: https://podcasts.apple.com/assets/vendor-95465a836150547a2204d47dc8e9c62c.js, line 5420: unreachable code after return statement
1692022022746	Marionette	INFO	Stopped listening on port 36617
JavaScript warning: https://podcasts.apple.com/assets/chunk.171.19746297f5822d0ef4bf.js, line 305: Script terminated by timeout at:
r@https://podcasts.apple.com/assets/chunk.171.19746297f5822d0ef4bf.js:305:85

1692025639464	geckodriver	INFO	Listening on 127.0.0.1:41019
1692025640016	mozrunner::runner	INFO	Running command: MOZ_CRASHREPORTER="1" MOZ_CRASHREPORTER_NO_REPORT="1" MOZ_CRASHREPORTER_SHUTDOWN="1" MOZ_NO_REMOTE="1" "/usr ... ss" "--remote-debugging-port" "44041" "--remote-allow-hosts" "localhost" "-no-remote" "-profile" "/tmp/rust_mozprofileqXBUOC"
*** You are running in headless mode.
console.warn: services.settings: Ignoring preference override of remote settings server
console.warn: services.settings: Allow by setting MOZ_REMOTE_SETTINGS_DEVTOOLS=1 in the environment
[GFX1-]: glxtest: Unable to open a connection to the X server
1692025652215	Marionette	INFO	Marionette enabled
1692025654142	Marionette	INFO	Listening on port 35621
Read port: 35621
WebDriver BiDi listening on ws://127.0.0.1:44041
1692025654522	RemoteAgent	WARN	TLS certificate errors will be ignored for this session
1692025654657	RemoteAgent	INFO	Proxy settings initialised: {"proxyType":"manual","httpProxy":"127.0.0.1:41777","sslProxy":"127.0.0.1:41777"}
[GFX1-]: RenderCompositorSWGL failed mapping default framebuffer, no dt
console.error: ({})
DevTools listening on ws://127.0.0.1:44041/devtools/browser/fbac4548-f4a5-4770-8dc9-423d9dfeb9ae
JavaScript warning: https://podcasts.apple.com/assets/vendor-95465a836150547a2204d47dc8e9c62c.js, line 5420: unreachable code after return statement
1692025669201	Marionette	INFO	Stopped listening on port 35621
JavaScript warning: https://podcasts.apple.com/assets/vendor-95465a836150547a2204d47dc8e9c62c.js, line 2170: Script terminated by timeout at:
t.get@https://podcasts.apple.com/assets/vendor-95465a836150547a2204d47dc8e9c62c.js:2170:22
_clamp@https://podcasts.apple.com/assets/web-experience-app-eb65150e996bcafb12916ed57394b6e7.modern.js:467:40
handleInsert@https://podcasts.apple.com/assets/web-experience-app-eb65150e996bcafb12916ed57394b6e7.modern.js:467:456
handleInsert@https://podcasts.apple.com/assets/web-experience-app-eb65150e996bcafb12916ed57394b6e7.modern.js:487:103
installModifier@https://podcasts.apple.com/assets/vendor-95465a836150547a2204d47dc8e9c62c.js:5392:188
t.install/<@https://podcasts.apple.com/assets/vendor-95465a836150547a2204d47dc8e9c62c.js:2199:76
e.untrack@https://podcasts.apple.com/assets/vendor-95465a836150547a2204d47dc8e9c62c.js:3266:12
t.install@https://podcasts.apple.com/assets/vendor-95465a836150547a2204d47dc8e9c62c.js:2199:54
t.commit/g<@https://podcasts.apple.com/assets/vendor-95465a836150547a2204d47dc8e9c62c.js:2970:53
e.track@https://podcasts.apple.com/assets/vendor-95465a836150547a2204d47dc8e9c62c.js:3263:5
t.commit@https://podcasts.apple.com/assets/vendor-95465a836150547a2204d47dc8e9c62c.js:2970:31
r.commit@https://podcasts.apple.com/assets/vendor-95465a836150547a2204d47dc8e9c62c.js:2976:17
It@https://podcasts.apple.com/assets/vendor-95465a836150547a2204d47dc8e9c62c.js:2979:19
o._renderRoots@https://podcasts.apple.com/assets/vendor-95465a836150547a2204d47dc8e9c62c.js:608:34
o._renderRootsTransaction@https://podcasts.apple.com/assets/vendor-95465a836150547a2204d47dc8e9c62c.js:613:10
o._revalidate@https://podcasts.apple.com/assets/vendor-95465a836150547a2204d47dc8e9c62c.js:613:581
t.invoke@https://podcasts.apple.com/assets/vendor-95465a836150547a2204d47dc8e9c62c.js:3422:153
t.flush@https://podcasts.apple.com/assets/vendor-95465a836150547a2204d47dc8e9c62c.js:3414:74
t.flush@https://podcasts.apple.com/assets/vendor-95465a836150547a2204d47dc8e9c62c.js:3428:207
r._end@https://podcasts.apple.com/assets/vendor-95465a836150547a2204d47dc8e9c62c.js:3491:9
e/this._boundAutorunEnd@https://podcasts.apple.com/assets/vendor-95465a836150547a2204d47dc8e9c62c.js:3442:574

